build/outputs/logs/manifest-merger-debug-report.txt
-- Merging decision tree log ---
manifest
ADDED from MoneyCharge0225\AndroidManifest.xml:2:1-74:12
	package
		ADDED from MoneyCharge0225\AndroidManifest.xml:3:5-35
	android:versionName
		ADDED from MoneyCharge0225\AndroidManifest.xml:5:5-30
	android:versionCode
		ADDED from MoneyCharge0225\AndroidManifest.xml:4:5-28
		INJECTED from MoneyCharge0225\AndroidManifest.xml
		INJECTED from MoneyCharge0225\AndroidManifest.xml
	xmlns:android
		ADDED from MoneyCharge0225\AndroidManifest.xml:2:11-69
uses-sdk
ADDED from MoneyCharge0225\AndroidManifest.xml:7:5-9:41
	android:targetSdkVersion
		ADDED from MoneyCharge0225\AndroidManifest.xml:9:9-38
	android:minSdkVersion
		ADDED from MoneyCharge0225\AndroidManifest.xml:8:9-34
application
ADDED from MoneyCharge0225\AndroidManifest.xml:11:5-72:19
	android:label
		ADDED from MoneyCharge0225\AndroidManifest.xml:14:9-41
	android:allowBackup
		ADDED from MoneyCharge0225\AndroidManifest.xml:12:9-35
	android:icon
		ADDED from MoneyCharge0225\AndroidManifest.xml:13:9-40
	android:theme
		ADDED from MoneyCharge0225\AndroidManifest.xml:15:9-43
activity#com.cwp.cmoneycharge.WelcomeActivity
ADDED from MoneyCharge0225\AndroidManifest.xml:17:9-26:20
	android:name
		ADDED from MoneyCharge0225\AndroidManifest.xml:18:13-64
intent-filter#android.intent.action.MAIN+android.intent.category.LAUNCHER
ADDED from MoneyCharge0225\AndroidManifest.xml:21:13-25:29
action#android.intent.action.MAIN
ADDED from MoneyCharge0225\AndroidManifest.xml:22:17-69
	android:name
		ADDED from MoneyCharge0225\AndroidManifest.xml:22:25-66
category#android.intent.category.LAUNCHER
ADDED from MoneyCharge0225\AndroidManifest.xml:24:17-77
	android:name
		ADDED from MoneyCharge0225\AndroidManifest.xml:24:27-74
activity#com.cwp.cmoneycharge.About
ADDED from MoneyCharge0225\AndroidManifest.xml:27:9-29:20
	android:theme
		ADDED from MoneyCharge0225\AndroidManifest.xml:28:13-47
	android:name
		ADDED from MoneyCharge0225\AndroidManifest.xml:27:19-60
activity#com.cwp.cmoneycharge.Account
ADDED from MoneyCharge0225\AndroidManifest.xml:30:9-31:20
	android:name
		ADDED from MoneyCharge0225\AndroidManifest.xml:30:19-62
activity#com.cwp.cmoneycharge.AddIncome
ADDED from MoneyCharge0225\AndroidManifest.xml:32:9-33:20
	android:name
		ADDED from MoneyCharge0225\AndroidManifest.xml:32:19-64
activity#com.cwp.cmoneycharge.AddNote
ADDED from MoneyCharge0225\AndroidManifest.xml:34:9-35:20
	android:name
		ADDED from MoneyCharge0225\AndroidManifest.xml:34:19-62
activity#com.cwp.cmoneycharge.AddPay
ADDED from MoneyCharge0225\AndroidManifest.xml:36:9-37:20
	android:name
		ADDED from MoneyCharge0225\AndroidManifest.xml:36:19-61
activity#com.cwp.cmoneycharge.Author
ADDED from MoneyCharge0225\AndroidManifest.xml:38:9-39:20
	android:name
		ADDED from MoneyCharge0225\AndroidManifest.xml:38:19-61
activity#com.cwp.cmoneycharge.ChangePwd
ADDED from MoneyCharge0225\AndroidManifest.xml:40:9-41:20
	android:name
		ADDED from MoneyCharge0225\AndroidManifest.xml:40:19-64
activity#com.cwp.cmoneycharge.Data
ADDED from MoneyCharge0225\AndroidManifest.xml:42:9-43:20
	android:name
		ADDED from MoneyCharge0225\AndroidManifest.xml:42:19-59
activity#com.cwp.cmoneycharge.Description
ADDED from MoneyCharge0225\AndroidManifest.xml:44:9-45:20
	android:name
		ADDED from MoneyCharge0225\AndroidManifest.xml:44:19-66
activity#com.cwp.cmoneycharge.InPtypeManager
ADDED from MoneyCharge0225\AndroidManifest.xml:46:9-47:20
	android:name
		ADDED from MoneyCharge0225\AndroidManifest.xml:46:19-69
activity#com.cwp.cmoneycharge.Income
ADDED from MoneyCharge0225\AndroidManifest.xml:48:9-49:20
	android:name
		ADDED from MoneyCharge0225\AndroidManifest.xml:48:19-61
activity#com.cwp.cmoneycharge.IncomeData
ADDED from MoneyCharge0225\AndroidManifest.xml:50:9-51:20
	android:name
		ADDED from MoneyCharge0225\AndroidManifest.xml:50:19-65
activity#com.cwp.cmoneycharge.Index
ADDED from MoneyCharge0225\AndroidManifest.xml:52:9-53:20
	android:name
		ADDED from MoneyCharge0225\AndroidManifest.xml:52:19-60
activity#com.cwp.cmoneycharge.Login
ADDED from MoneyCharge0225\AndroidManifest.xml:54:9-55:20
	android:name
		ADDED from MoneyCharge0225\AndroidManifest.xml:54:19-60
activity#com.cwp.cmoneycharge.ModifyInP
ADDED from MoneyCharge0225\AndroidManifest.xml:56:9-57:20
	android:name
		ADDED from MoneyCharge0225\AndroidManifest.xml:56:19-64
activity#com.cwp.cmoneycharge.ModifyNote
ADDED from MoneyCharge0225\AndroidManifest.xml:58:9-59:20
	android:name
		ADDED from MoneyCharge0225\AndroidManifest.xml:58:19-65
activity#com.cwp.cmoneycharge.Note
ADDED from MoneyCharge0225\AndroidManifest.xml:60:9-61:20
	android:name
		ADDED from MoneyCharge0225\AndroidManifest.xml:60:19-59
activity#com.cwp.cmoneycharge.PIData
ADDED from MoneyCharge0225\AndroidManifest.xml:62:9-63:20
	android:name
		ADDED from MoneyCharge0225\AndroidManifest.xml:62:19-61
activity#com.cwp.cmoneycharge.Pay
ADDED from MoneyCharge0225\AndroidManifest.xml:64:9-65:20
	android:name
		ADDED from MoneyCharge0225\AndroidManifest.xml:64:19-58
activity#com.cwp.cmoneycharge.PayData
ADDED from MoneyCharge0225\AndroidManifest.xml:66:9-67:20
	android:name
		ADDED from MoneyCharge0225\AndroidManifest.xml:66:19-62
activity#com.cwp.cmoneycharge.Register
ADDED from MoneyCharge0225\AndroidManifest.xml:68:9-69:20
	android:name
		ADDED from MoneyCharge0225\AndroidManifest.xml:68:19-63
activity#com.cwp.cmoneycharge.Setting
ADDED from MoneyCharge0225\AndroidManifest.xml:70:9-71:20
	android:name
		ADDED from MoneyCharge0225\AndroidManifest.xml:70:19-62